
2018-12-14-10.25.40.855041+420 I1E1842               LEVEL: Event
PID     : 18612                TID : 139638068467520 PROC : dotnet
INSTANCE: DB2                  NODE : 000
HOSTNAME: tunguyen-XPS-13-9360
FUNCTION: DB2 UDB, RAS/PD component, pdLogInternal, probe:120
START   : New Diagnostic Log file
DATA #1 : Build Level, 248 bytes
Instance "DB2" uses "64" bits and DB2 code release "SQL11014"
with level identifier "0205010F".
Informational tokens are "DB2 v11.1.4.4", "s1811091400", "DYN1811091400AMD64", Fix Pack "4".
DATA #2 : System Info, 664 bytes
System: Linux tunguyen-XPS-13-9360 15 4 x86_64
CPU: total:8 online:8 Cores per socket:4 Threading degree per core:2 SIMD:Y CPU Features:SSE2,SSSE3,SSE4,AVX2
CPU binding: not in use
Physical Memory(MB): total:7699 free:536
Virtual  Memory(MB): total:9165 free:2002
Swap     Memory(MB): total:1466 free:1466
Kernel   Params: msgMaxMessageSize:8192 msgMsgMap:16384 msgMaxQueueIDs:32000
                 msgNumberOfHeaders:16384 msgMaxQueueSize:16384
                 msgMaxSegmentSize:16 shmMax:9223372036854775807 shmMin:1
                 shmIDs:4096 shmSegments:4096 semMap:1024000000 semIDs:32000
                 semNum:1024000000 semUndo:1024000000 semNumPerID:32000
                 semOps:500 semUndoSize:20 semMaxVal:32767
                 semAdjustOnExit:32767
Cur cpu time limit (seconds)  = 0xFFFFFFFFFFFFFFFF
Cur file size limit (bytes) = 0xFFFFFFFFFFFFFFFF
Cur data size (bytes)  = 0xFFFFFFFFFFFFFFFF
Cur stack size (bytes)  = 0x0000000000800000
Cur core size (bytes)  = 0x0000000000000000
Cur memory size (bytes) = 0xFFFFFFFFFFFFFFFF
nofiles (descriptors)  = 0x0000000000100000
Cur maximum number of processes = 0x00000000000076B5
Disk: 4K Device Support: NONE

Information in this record is only valid at the time when this file was
created (see this record's time stamp)

2018-12-14-10.25.40.858537+420 I1844E351             LEVEL: Error
PID     : 18612                TID : 139638068467520 PROC : dotnet
INSTANCE: DB2                  NODE : 000
HOSTNAME: tunguyen-XPS-13-9360
FUNCTION: DB2 UDB, common communication, sqlcctcpconnr, probe:110
MESSAGE : SQL10007N  Message "3202" could not be retrieved.  Reason code: "3".

2018-12-15-11.46.36.518819+420 I2196E351             LEVEL: Error
PID     : 18447                TID : 140415878379328 PROC : dotnet
INSTANCE: DB2                  NODE : 000
HOSTNAME: tunguyen-XPS-13-9360
FUNCTION: DB2 UDB, common communication, sqlcctcpconnr, probe:110
MESSAGE : SQL10007N  Message "3202" could not be retrieved.  Reason code: "3".

2018-12-15-11.47.27.136696+420 I2548E351             LEVEL: Error
PID     : 18590                TID : 140081070982976 PROC : dotnet
INSTANCE: DB2                  NODE : 000
HOSTNAME: tunguyen-XPS-13-9360
FUNCTION: DB2 UDB, common communication, sqlcctcpconnr, probe:110
MESSAGE : SQL10007N  Message "3202" could not be retrieved.  Reason code: "3".

2018-12-15-11.47.58.703932+420 I2900E351             LEVEL: Error
PID     : 18719                TID : 140676613392192 PROC : dotnet
INSTANCE: DB2                  NODE : 000
HOSTNAME: tunguyen-XPS-13-9360
FUNCTION: DB2 UDB, common communication, sqlcctcpconnr, probe:110
MESSAGE : SQL10007N  Message "3202" could not be retrieved.  Reason code: "3".

2018-12-15-11.48.42.377596+420 I3252E351             LEVEL: Error
PID     : 18853                TID : 140391252854592 PROC : dotnet
INSTANCE: DB2                  NODE : 000
HOSTNAME: tunguyen-XPS-13-9360
FUNCTION: DB2 UDB, common communication, sqlcctcpconnr, probe:110
MESSAGE : SQL10007N  Message "3202" could not be retrieved.  Reason code: "3".

2018-12-15-11.49.27.242987+420 I3604E351             LEVEL: Error
PID     : 18993                TID : 139729926203200 PROC : dotnet
INSTANCE: DB2                  NODE : 000
HOSTNAME: tunguyen-XPS-13-9360
FUNCTION: DB2 UDB, common communication, sqlcctcpconnr, probe:110
MESSAGE : SQL10007N  Message "3202" could not be retrieved.  Reason code: "3".
